#
# There is insufficient memory for the Java Runtime Environment to continue.
# Native memory allocation (malloc) failed to allocate 46272 bytes for Chunk::new
# Possible reasons:
#   The system is out of physical RAM or swap space
#   In 32 bit mode, the process size limit was hit
# Possible solutions:
#   Reduce memory load on the system
#   Increase physical memory or swap space
#   Check if swap backing store is full
#   Use 64 bit Java on a 64 bit OS
#   Decrease Java heap size (-Xmx/-Xms)
#   Decrease number of Java threads
#   Decrease Java thread stack sizes (-Xss)
#   Set larger code cache with -XX:ReservedCodeCacheSize=
# This output file may be truncated or incomplete.
#
#  Out of Memory Error (allocation.cpp:390), pid=2968, tid=0x0000000000000c78
#
# JRE version: OpenJDK Runtime Environment (8.0_76-b03) (build 1.8.0_76-release-b03)
# Java VM: OpenJDK 64-Bit Server VM (25.76-b03 mixed mode windows-amd64 compressed oops)
# Failed to write core dump. Minidumps are not enabled by default on client versions of Windows
#

---------------  T H R E A D  ---------------

Current thread (0x0000000015e77800):  JavaThread "C2 CompilerThread0" daemon [_thread_in_native, id=3192, stack(0x00000000173c0000,0x00000000174c0000)]

Stack: [0x00000000173c0000,0x00000000174c0000]
[error occurred during error reporting (printing stack bounds), id 0xc0000005]

Native frames: (J=compiled Java code, j=interpreted, Vv=VM code, C=native code)


Current CompileTask:
C2:   1389 1216       4       java.io.DataOutputStream::writeUTF (435 bytes)


---------------  P R O C E S S  ---------------

Java Threads: ( => current thread )
  0x0000000018b2d000 JavaThread "Stdin handler" [_thread_blocked, id=3692, stack(0x000000001a260000,0x000000001a360000)]
  0x0000000018d06800 JavaThread "Asynchronous log dispatcher for org.gradle.launcher.daemon.server.DefaultDaemonConnection@3a0ca6ec" [_thread_blocked, id=3732, stack(0x000000001a160000,0x000000001a260000)]
  0x0000000018d03000 JavaThread "Daemon worker" [_thread_in_vm, id=6028, stack(0x000000001a060000,0x000000001a160000)]
  0x0000000018f4b000 JavaThread "Cancel handler" [_thread_blocked, id=1220, stack(0x0000000019f60000,0x000000001a060000)]
  0x0000000018bc6800 JavaThread "Handler for socket connection from /127.0.0.1:61580 to /127.0.0.1:61581" [_thread_in_native, id=2256, stack(0x0000000019e60000,0x0000000019f60000)]
  0x00000000189e9000 JavaThread "Daemon" [_thread_blocked, id=3996, stack(0x0000000019d60000,0x0000000019e60000)]
  0x0000000018e93800 JavaThread "pool-1-thread-1" [_thread_blocked, id=5236, stack(0x0000000019c60000,0x0000000019d60000)]
  0x0000000018b62000 JavaThread "Incoming local TCP Connector on port 61580" [_thread_in_native, id=4224, stack(0x0000000019960000,0x0000000019a60000)]
  0x0000000015ece000 JavaThread "Service Thread" daemon [_thread_blocked, id=6032, stack(0x0000000017ac0000,0x0000000017bc0000)]
  0x0000000015e7c000 JavaThread "C1 CompilerThread2" daemon [_thread_blocked, id=4012, stack(0x00000000175c0000,0x00000000176c0000)]
  0x0000000015e79800 JavaThread "C2 CompilerThread1" daemon [_thread_in_native, id=3932, stack(0x00000000174c0000,0x00000000175c0000)]
=>0x0000000015e77800 JavaThread "C2 CompilerThread0" daemon [_thread_in_native, id=3192, stack(0x00000000173c0000,0x00000000174c0000)]
  0x0000000015e76000 JavaThread "Attach Listener" daemon [_thread_blocked, id=7224, stack(0x00000000172c0000,0x00000000173c0000)]
  0x0000000015e75000 JavaThread "Signal Dispatcher" daemon [_thread_blocked, id=632, stack(0x00000000171c0000,0x00000000172c0000)]
  0x0000000015e58800 JavaThread "Finalizer" daemon [_thread_blocked, id=7036, stack(0x00000000170c0000,0x00000000171c0000)]
  0x00000000024f2000 JavaThread "Reference Handler" daemon [_thread_blocked, id=1592, stack(0x0000000016fc0000,0x00000000170c0000)]
  0x0000000002400800 JavaThread "main" [_thread_blocked, id=6780, stack(0x0000000002210000,0x0000000002310000)]

Other Threads:
  0x0000000015e36800 VMThread [stack: 0x0000000016ec0000,0x0000000016fc0000] [id=8088]
  0x0000000015e74000 WatcherThread [stack: 0x0000000017bc0000,0x0000000017cc0000] [id=5044]

VM state:not at safepoint (normal execution)

VM Mutex/Monitor currently owned by a thread: None

Heap:
 PSYoungGen      total 18944K, used 3309K [0x00000000e0000000, 0x00000000e1500000, 0x0000000100000000)
  eden space 16384K, 4% used [0x00000000e0000000,0x00000000e00bf7c8,0x00000000e1000000)
  from space 2560K, 99% used [0x00000000e1280000,0x00000000e14fc010,0x00000000e1500000)
  to   space 2560K, 0% used [0x00000000e1000000,0x00000000e1000000,0x00000000e1280000)
 ParOldGen       total 44032K, used 3665K [0x00000000a0000000, 0x00000000a2b00000, 0x00000000e0000000)
  object space 44032K, 8% used [0x00000000a0000000,0x00000000a03945c0,0x00000000a2b00000)
 Metaspace       used 12258K, capacity 12640K, committed 12800K, reserved 1060864K
  class space    used 1634K, capacity 1744K, committed 1792K, reserved 1048576K

Card table byte_map: [0x00000000118c0000,0x0000000011bd0000] byte_map_base: 0x00000000113c0000

Marking Bits: (ParMarkBitMap*) 0x0000000056999d00
 Begin Bits: [0x00000000121d0000, 0x00000000139d0000)
 End Bits:   [0x00000000139d0000, 0x00000000151d0000)

Polling page: 0x0000000000970000

CodeCache: size=245760Kb used=4475Kb max_used=4475Kb free=241284Kb
 bounds [0x0000000002500000, 0x0000000002970000, 0x0000000011500000]
 total_blobs=1587 nmethods=1231 adapters=270
 compilation: enabled

Compilation events (10 events):
Event: 1.364 Thread 0x0000000015e7c000 1223       3       sun.misc.ProxyGenerator::dotToSlash (9 bytes)
Event: 1.364 Thread 0x0000000015e7c000 nmethod 1223 0x0000000002954410 code [0x0000000002954580, 0x0000000002954788]
Event: 1.365 Thread 0x0000000015e79800 nmethod 1221 0x000000000295b950 code [0x000000000295ba80, 0x000000000295bb18]
Event: 1.365 Thread 0x0000000015e79800 1222       4       sun.misc.ProxyGenerator$ConstantPool$IndirectEntry::hashCode (15 bytes)
Event: 1.365 Thread 0x0000000015e79800 nmethod 1222 0x000000000295c450 code [0x000000000295c580, 0x000000000295c5f8]
Event: 1.365 Thread 0x0000000015e7c000 1224       3       java.lang.Class::arrayContentsEq (70 bytes)
Event: 1.365 Thread 0x0000000015e7c000 nmethod 1224 0x000000000295b210 code [0x000000000295b3a0, 0x000000000295b7f0]
Event: 1.365 Thread 0x0000000015e7c000 1225       3       java.lang.StringBuilder::<init> (18 bytes)
Event: 1.366 Thread 0x0000000015e7c000 nmethod 1225 0x000000000295a9d0 code [0x000000000295ab60, 0x000000000295b028]
Event: 1.367 Thread 0x0000000015e79800 1226       4       java.util.HashMap::get (23 bytes)

GC Heap History (6 events):
Event: 0.508 GC heap before
{Heap before GC invocations=1 (full 0):
 PSYoungGen      total 18944K, used 16384K [0x00000000e0000000, 0x00000000e1500000, 0x0000000100000000)
  eden space 16384K, 100% used [0x00000000e0000000,0x00000000e1000000,0x00000000e1000000)
  from space 2560K, 0% used [0x00000000e1280000,0x00000000e1280000,0x00000000e1500000)
  to   space 2560K, 0% used [0x00000000e1000000,0x00000000e1000000,0x00000000e1280000)
 ParOldGen       total 44032K, used 0K [0x00000000a0000000, 0x00000000a2b00000, 0x00000000e0000000)
  object space 44032K, 0% used [0x00000000a0000000,0x00000000a0000000,0x00000000a2b00000)
 Metaspace       used 5556K, capacity 6168K, committed 6400K, reserved 1056768K
  class space    used 699K, capacity 760K, committed 768K, reserved 1048576K
Event: 0.512 GC heap after
Heap after GC invocations=1 (full 0):
 PSYoungGen      total 18944K, used 2542K [0x00000000e0000000, 0x00000000e1500000, 0x0000000100000000)
  eden space 16384K, 0% used [0x00000000e0000000,0x00000000e0000000,0x00000000e1000000)
  from space 2560K, 99% used [0x00000000e1000000,0x00000000e127b880,0x00000000e1280000)
  to   space 2560K, 0% used [0x00000000e1280000,0x00000000e1280000,0x00000000e1500000)
 ParOldGen       total 44032K, used 508K [0x00000000a0000000, 0x00000000a2b00000, 0x00000000e0000000)
  object space 44032K, 1% used [0x00000000a0000000,0x00000000a007f290,0x00000000a2b00000)
 Metaspace       used 5556K, capacity 6168K, committed 6400K, reserved 1056768K
  class space    used 699K, capacity 760K, committed 768K, reserved 1048576K
}
Event: 0.691 GC heap before
{Heap before GC invocations=2 (full 0):
 PSYoungGen      total 18944K, used 18926K [0x00000000e0000000, 0x00000000e1500000, 0x0000000100000000)
  eden space 16384K, 100% used [0x00000000e0000000,0x00000000e1000000,0x00000000e1000000)
  from space 2560K, 99% used [0x00000000e1000000,0x00000000e127b880,0x00000000e1280000)
  to   space 2560K, 0% used [0x00000000e1280000,0x00000000e1280000,0x00000000e1500000)
 ParOldGen       total 44032K, used 508K [0x00000000a0000000, 0x00000000a2b00000, 0x00000000e0000000)
  object space 44032K, 1% used [0x00000000a0000000,0x00000000a007f290,0x00000000a2b00000)
 Metaspace       used 5744K, capacity 6288K, committed 6528K, reserved 1056768K
  class space    used 720K, capacity 800K, committed 896K, reserved 1048576K
Event: 0.695 GC heap after
Heap after GC invocations=2 (full 0):
 PSYoungGen      total 18944K, used 1900K [0x00000000e0000000, 0x00000000e1500000, 0x0000000100000000)
  eden space 16384K, 0% used [0x00000000e0000000,0x00000000e0000000,0x00000000e1000000)
  from space 2560K, 74% used [0x00000000e1280000,0x00000000e145b2c0,0x00000000e1500000)
  to   space 2560K, 0% used [0x00000000e1000000,0x00000000e1000000,0x00000000e1280000)
 ParOldGen       total 44032K, used 516K [0x00000000a0000000, 0x00000000a2b00000, 0x00000000e0000000)
  object space 44032K, 1% used [0x00000000a0000000,0x00000000a0081290,0x00000000a2b00000)
 Metaspace       used 5744K, capacity 6288K, committed 6528K, reserved 1056768K
  class space    used 720K, capacity 800K, committed 896K, reserved 1048576K
}
Event: 1.138 GC heap before
{Heap before GC invocations=3 (full 0):
 PSYoungGen      total 18944K, used 18284K [0x00000000e0000000, 0x00000000e1500000, 0x0000000100000000)
  eden space 16384K, 100% used [0x00000000e0000000,0x00000000e1000000,0x00000000e1000000)
  from space 2560K, 74% used [0x00000000e1280000,0x00000000e145b2c0,0x00000000e1500000)
  to   space 2560K, 0% used [0x00000000e1000000,0x00000000e1000000,0x00000000e1280000)
 ParOldGen       total 44032K, used 516K [0x00000000a0000000, 0x00000000a2b00000, 0x00000000e0000000)
  object space 44032K, 1% used [0x00000000a0000000,0x00000000a0081290,0x00000000a2b00000)
 Metaspace       used 9751K, capacity 10072K, committed 10368K, reserved 1058816K
  class space    used 1247K, capacity 1332K, committed 1408K, reserved 1048576K
Event: 1.142 GC heap after
Heap after GC invocations=3 (full 0):
 PSYoungGen      total 18944K, used 2544K [0x00000000e0000000, 0x00000000e1500000, 0x0000000100000000)
  eden space 16384K, 0% used [0x00000000e0000000,0x00000000e0000000,0x00000000e1000000)
  from space 2560K, 99% used [0x00000000e1000000,0x00000000e127c010,0x00000000e1280000)
  to   space 2560K, 0% used [0x00000000e1280000,0x00000000e1280000,0x00000000e1500000)
 ParOldGen       total 44032K, used 1823K [0x00000000a0000000, 0x00000000a2b00000, 0x00000000e0000000)
  object space 44032K, 4% used [0x00000000a0000000,0x00000000a01c7d28,0x00000000a2b00000)
 Metaspace       used 9751K, capacity 10072K, committed 10368K, reserved 1058816K
  class space    used 1247K, capacity 1332K, committed 1408K, reserved 1048576K
}

Deoptimization events (10 events):
Event: 0.746 Thread 0x0000000002400800 Uncommon trap: reason=bimorphic action=maybe_recompile pc=0x000000000274be64 method=java.util.regex.Pattern$Slice.match(Ljava/util/regex/Matcher;ILjava/lang/CharSequence;)Z @ 75
Event: 0.778 Thread 0x0000000002400800 Uncommon trap: reason=class_check action=maybe_recompile pc=0x000000000274bda0 method=java.util.regex.Matcher.match(II)Z @ 86
Event: 0.837 Thread 0x0000000002400800 Uncommon trap: reason=unstable_if action=reinterpret pc=0x00000000027a6f88 method=java.util.HashMap.getNode(ILjava/lang/Object;)Ljava/util/HashMap$Node; @ 129
Event: 0.837 Thread 0x0000000002400800 Uncommon trap: reason=bimorphic action=maybe_recompile pc=0x0000000002785e04 method=java.util.HashMap.putVal(ILjava/lang/Object;Ljava/lang/Object;ZZ)Ljava/lang/Object; @ 203
Event: 0.837 Thread 0x0000000002400800 Uncommon trap: reason=unstable_if action=reinterpret pc=0x0000000002746bb8 method=java.util.HashMap.getNode(ILjava/lang/Object;)Ljava/util/HashMap$Node; @ 129
Event: 0.837 Thread 0x0000000002400800 Uncommon trap: reason=bimorphic action=maybe_recompile pc=0x0000000002785e04 method=java.util.HashMap.putVal(ILjava/lang/Object;Ljava/lang/Object;ZZ)Ljava/lang/Object; @ 203
Event: 0.882 Thread 0x0000000002400800 Uncommon trap: reason=unstable_if action=reinterpret pc=0x00000000027f38b0 method=java.io.WinNTFileSystem.normalize(Ljava/lang/String;II)Ljava/lang/String; @ 90
Event: 0.901 Thread 0x0000000002400800 Uncommon trap: reason=unstable_if action=reinterpret pc=0x00000000028114d0 method=java.lang.String.substring(I)Ljava/lang/String; @ 35
Event: 1.291 Thread 0x0000000018d03000 Uncommon trap: reason=bimorphic action=maybe_recompile pc=0x0000000002785754 method=java.util.HashMap.putVal(ILjava/lang/Object;Ljava/lang/Object;ZZ)Ljava/lang/Object; @ 91
Event: 1.291 Thread 0x0000000018d03000 Uncommon trap: reason=bimorphic action=maybe_recompile pc=0x0000000002785754 method=java.util.HashMap.putVal(ILjava/lang/Object;Ljava/lang/Object;ZZ)Ljava/lang/Object; @ 91

Internal exceptions (10 events):
Event: 1.279 Thread 0x0000000018d03000 Exception <a 'java/lang/NoSuchMethodError': <clinit>> (0x00000000e0553d08) thrown at [C:\src\android\AOSP-openjdk\external\jetbrains\jdk\hotspot\src\share\vm\prims\jni.cpp, line 1591]
Event: 1.304 Thread 0x0000000018d03000 Exception <a 'java/lang/ArrayIndexOutOfBoundsException'> (0x00000000e06c0c88) thrown at [C:\src\android\AOSP-openjdk\external\jetbrains\jdk\hotspot\src\share\vm\runtime\sharedRuntime.cpp, line 605]
Event: 1.312 Thread 0x0000000018d03000 Exception <a 'java/lang/ArrayIndexOutOfBoundsException'> (0x00000000e078fb68) thrown at [C:\src\android\AOSP-openjdk\external\jetbrains\jdk\hotspot\src\share\vm\runtime\sharedRuntime.cpp, line 605]
Event: 1.313 Thread 0x0000000018d03000 Exception <a 'java/lang/ArrayIndexOutOfBoundsException'> (0x00000000e07ab420) thrown at [C:\src\android\AOSP-openjdk\external\jetbrains\jdk\hotspot\src\share\vm\runtime\sharedRuntime.cpp, line 605]
Event: 1.313 Thread 0x0000000018d03000 Exception <a 'java/lang/ArrayIndexOutOfBoundsException'> (0x00000000e07ad3c8) thrown at [C:\src\android\AOSP-openjdk\external\jetbrains\jdk\hotspot\src\share\vm\runtime\sharedRuntime.cpp, line 605]
Event: 1.322 Thread 0x0000000018d03000 Exception <a 'java/lang/ArrayIndexOutOfBoundsException'> (0x00000000e097ad48) thrown at [C:\src\android\AOSP-openjdk\external\jetbrains\jdk\hotspot\src\share\vm\runtime\sharedRuntime.cpp, line 605]
Event: 1.323 Thread 0x0000000018d03000 Exception <a 'java/lang/ArrayIndexOutOfBoundsException'> (0x00000000e097da90) thrown at [C:\src\android\AOSP-openjdk\external\jetbrains\jdk\hotspot\src\share\vm\runtime\sharedRuntime.cpp, line 605]
Event: 1.323 Thread 0x0000000018d03000 Exception <a 'java/lang/ArrayIndexOutOfBoundsException'> (0x00000000e0993270) thrown at [C:\src\android\AOSP-openjdk\external\jetbrains\jdk\hotspot\src\share\vm\runtime\sharedRuntime.cpp, line 605]
Event: 1.335 Thread 0x0000000018d03000 Exception <a 'java/lang/ArrayIndexOutOfBoundsException'> (0x00000000e0c06698) thrown at [C:\src\android\AOSP-openjdk\external\jetbrains\jdk\hotspot\src\share\vm\runtime\sharedRuntime.cpp, line 605]
Event: 1.342 Thread 0x0000000018d03000 Exception <a 'java/lang/ArrayIndexOutOfBoundsException'> (0x00000000e0db7be8) thrown at [C:\src\android\AOSP-openjdk\external\jetbrains\jdk\hotspot\src\share\vm\runtime\sharedRuntime.cpp, line 605]

Events (10 events):
Event: 1.363 loading class java/lang/annotation/Target
Event: 1.363 loading class java/lang/annotation/Target done
Event: 1.365 loading class java/lang/annotation/ElementType
Event: 1.365 loading class java/lang/annotation/ElementType done
Event: 1.366 loading class org/gradle/api/internal/AbstractClassGenerator$ClassMetaData
Event: 1.366 loading class org/gradle/api/internal/AbstractClassGenerator$ClassMetaData done
Event: 1.367 loading class com/google/common/collect/SetMultimap
Event: 1.367 loading class com/google/common/collect/SetMultimap done
Event: 1.367 loading class com/google/common/collect/Multimap
Event: 1.367 loading class com/google/common/collect/Multimap done


Dynamic libraries:
0x00007ff7226c0000 - 0x00007ff7226f1000 	C:\Program Files\Android\Android Studio\jre\bin\java.exe
0x00007ffb66590000 - 0x00007ffb66751000 	C:\WINDOWS\SYSTEM32\ntdll.dll
0x00007ffb63a60000 - 0x00007ffb63b0d000 	C:\WINDOWS\system32\KERNEL32.DLL
0x00007ffb62c40000 - 0x00007ffb62e28000 	C:\WINDOWS\system32\KERNELBASE.dll
0x00007ffb64870000 - 0x00007ffb64917000 	C:\WINDOWS\system32\ADVAPI32.dll
0x00007ffb649d0000 - 0x00007ffb64a6d000 	C:\WINDOWS\system32\msvcrt.dll
0x00007ffb63c30000 - 0x00007ffb63c8b000 	C:\WINDOWS\system32\sechost.dll
0x00007ffb63b10000 - 0x00007ffb63c2c000 	C:\WINDOWS\system32\RPCRT4.dll
0x00007ffb64c20000 - 0x00007ffb64d76000 	C:\WINDOWS\system32\USER32.dll
0x00007ffb66400000 - 0x00007ffb66586000 	C:\WINDOWS\system32\GDI32.dll
0x00007ffb51a10000 - 0x00007ffb51c84000 	C:\WINDOWS\WinSxS\amd64_microsoft.windows.common-controls_6595b64144ccf1df_6.0.10586.672_none_a2d6b3cea53ff843\COMCTL32.dll
0x00007ffb64540000 - 0x00007ffb647bd000 	C:\WINDOWS\system32\combase.dll
0x00007ffb634e0000 - 0x00007ffb6354a000 	C:\WINDOWS\system32\bcryptPrimitives.dll
0x00007ffb647d0000 - 0x00007ffb6480b000 	C:\WINDOWS\system32\IMM32.DLL
0x0000000056020000 - 0x00000000560f2000 	C:\Program Files\Android\Android Studio\jre\jre\bin\msvcr100.dll
0x00000000561e0000 - 0x0000000056a14000 	C:\Program Files\Android\Android Studio\jre\jre\bin\server\jvm.dll
0x00007ffb647c0000 - 0x00007ffb647c8000 	C:\WINDOWS\system32\PSAPI.DLL
0x00007ffb4ac30000 - 0x00007ffb4ac39000 	C:\WINDOWS\SYSTEM32\WSOCK32.dll
0x00007ffb60c10000 - 0x00007ffb60c33000 	C:\WINDOWS\SYSTEM32\WINMM.dll
0x00007ffb58970000 - 0x00007ffb5897a000 	C:\WINDOWS\SYSTEM32\VERSION.dll
0x00007ffb641b0000 - 0x00007ffb6421b000 	C:\WINDOWS\system32\WS2_32.dll
0x0000000000920000 - 0x000000000094c000 	C:\WINDOWS\SYSTEM32\WINMMBASE.dll
0x00007ffb63880000 - 0x00007ffb638c3000 	C:\WINDOWS\system32\cfgmgr32.dll
0x00007ffb575e0000 - 0x00007ffb575ef000 	C:\Program Files\Android\Android Studio\jre\jre\bin\verify.dll
0x00007ffb575b0000 - 0x00007ffb575d9000 	C:\Program Files\Android\Android Studio\jre\jre\bin\java.dll
0x00007ffb57590000 - 0x00007ffb575a6000 	C:\Program Files\Android\Android Studio\jre\jre\bin\zip.dll
0x00007ffb64e90000 - 0x00007ffb663ec000 	C:\WINDOWS\system32\SHELL32.dll
0x00007ffb62e30000 - 0x00007ffb63475000 	C:\WINDOWS\system32\windows.storage.dll
0x00007ffb64150000 - 0x00007ffb641a2000 	C:\WINDOWS\system32\shlwapi.dll
0x00007ffb62c30000 - 0x00007ffb62c3f000 	C:\WINDOWS\system32\kernel.appcore.dll
0x00007ffb638d0000 - 0x00007ffb63985000 	C:\WINDOWS\system32\shcore.dll
0x00007ffb62bd0000 - 0x00007ffb62c1b000 	C:\WINDOWS\system32\powrprof.dll
0x00007ffb62bb0000 - 0x00007ffb62bc4000 	C:\WINDOWS\system32\profapi.dll
0x00007ffb57570000 - 0x00007ffb5758a000 	C:\Program Files\Android\Android Studio\jre\jre\bin\net.dll
0x00007ffb624e0000 - 0x00007ffb6253c000 	C:\WINDOWS\system32\mswsock.dll
0x00007ffb573d0000 - 0x00007ffb573e1000 	C:\Program Files\Android\Android Studio\jre\jre\bin\nio.dll
0x00007ffb56090000 - 0x00007ffb560a2000 	C:\Users\Kito Pham\.gradle\native\19\windows-amd64\native-platform.dll
0x00007ffb62590000 - 0x00007ffb625a7000 	C:\WINDOWS\SYSTEM32\CRYPTSP.dll
0x00007ffb62220000 - 0x00007ffb62254000 	C:\WINDOWS\system32\rsaenh.dll
0x00007ffb627b0000 - 0x00007ffb627d9000 	C:\WINDOWS\SYSTEM32\bcrypt.dll
0x00007ffb62370000 - 0x00007ffb6238f000 	C:\WINDOWS\SYSTEM32\USERENV.dll
0x00007ffb626b0000 - 0x00007ffb626bb000 	C:\WINDOWS\SYSTEM32\CRYPTBASE.dll
0x00007ffb60a50000 - 0x00007ffb60a88000 	C:\WINDOWS\SYSTEM32\IPHLPAPI.DLL
0x00007ffb663f0000 - 0x00007ffb663f8000 	C:\WINDOWS\system32\NSI.dll
0x00007ffb592f0000 - 0x00007ffb59306000 	C:\WINDOWS\SYSTEM32\dhcpcsvc6.DLL
0x00007ffb5d6a0000 - 0x00007ffb5d6ba000 	C:\WINDOWS\SYSTEM32\dhcpcsvc.DLL
0x00007ffb56110000 - 0x00007ffb5611d000 	C:\Program Files\Android\Android Studio\jre\jre\bin\management.dll

VM Arguments:
jvm_args: -Xmx1536m -Dfile.encoding=windows-1252 -Duser.country=US -Duser.language=en -Duser.variant 
java_command: org.gradle.launcher.daemon.bootstrap.GradleDaemon 2.14.1
java_class_path (initial): C:\Users\Kito Pham\.gradle\wrapper\dists\gradle-2.14.1-all\8bnwg5hd3w55iofp58khbp6yv\gradle-2.14.1\lib\gradle-launcher-2.14.1.jar
Launcher Type: SUN_STANDARD

Environment Variables:
PATH=C:\ProgramData\Oracle\Java\javapath;C:\WINDOWS\system32;C:\WINDOWS;C:\WINDOWS\System32\Wbem;C:\WINDOWS\System32\WindowsPowerShell\v1.0\;C:\Program Files (x86)\Skype\Phone\;C:\Program Files\nodejs\;C:\Users\Kito Pham\AppData\Roaming\npm;C:\Users\Kito Pham\AppData\Local\atom\bin
USERNAME=Kito Pham
OS=Windows_NT
PROCESSOR_IDENTIFIER=Intel64 Family 6 Model 78 Stepping 3, GenuineIntel



---------------  S Y S T E M  ---------------

OS: Windows 10.0 , 64 bit Build 10586 (10.0.10586.589)

CPU:total 4 (2 cores per cpu, 2 threads per core) family 6 model 78 stepping 3, cmov, cx8, fxsr, mmx, sse, sse2, sse3, ssse3, sse4.1, sse4.2, popcnt, avx, avx2, aes, clmul, erms, rtm, 3dnowpref, lzcnt, ht, tsc, tscinvbit, bmi1, bmi2, adx

Memory: 4k page, physical 4118656k(570604k free), swap 8702032k(4504k free)

vm_info: OpenJDK 64-Bit Server VM (25.76-b03) for windows-amd64 JRE (1.8.0_76-release-b03), built on Jun 29 2016 19:09:20 by "ralucas" with MS VC++ 10.0 (VS2010)

time: Wed Jan 25 15:15:59 2017
elapsed time: 1 seconds (0d 0h 0m 1s)

